<?xml version="1.0" encoding="UTF-8"?>
<!-- Generated by org.testng.reporters.JUnitReportReporter -->
<testsuite hostname="Ramkumars-MacBook-Air.local" failures="0" tests="1" name="com.test.GITActionsWorkflow" time="0.002" errors="0" timestamp="2025-03-12T00:44:36 IST" skipped="0">
  <testcase classname="com.test.GITActionsWorkflow" name="SetUp" time="0.002"/>
  <system-out/>
</testsuite> <!-- com.test.GITActionsWorkflow -->
