<?xml version="1.0" encoding="UTF-8"?>
<!-- Generated by org.testng.reporters.JUnitReportReporter -->
<testsuite hostname="Ramkumars-MacBook-Air.local" failures="0" tests="1" name="com.test.GITActionsWorkflow" time="18.931" errors="0" timestamp="2025-03-14T00:47:34 IST" skipped="0">
  <testcase classname="com.test.GITActionsWorkflow" name="sampleTest" time="18.931"/>
</testsuite> <!-- com.test.GITActionsWorkflow -->
