<?xml version="1.0" encoding="UTF-8"?>
<!-- Generated by org.testng.reporters.JUnitReportReporter -->
<testsuite hostname="Ramkumars-MacBook-Air.local" failures="0" tests="1" name="com.test.GITActionsWorkflow" time="0.003" errors="0" timestamp="2025-03-12T09:49:38 IST" skipped="0">
  <testcase classname="com.test.GITActionsWorkflow" name="sampleTest" time="0.003"/>
</testsuite> <!-- com.test.GITActionsWorkflow -->
